app/build/outputs/logs/manifest-merger-debug-report.txt
-- Merging decision tree log ---
manifest
ADDED from src\main\AndroidManifest.xml:2:1-127:12
	package
		ADDED from src\main\AndroidManifest.xml:3:5-34
		INJECTED from src\main\AndroidManifest.xml
		INJECTED from src\main\AndroidManifest.xml
	android:versionName
		ADDED from src\main\AndroidManifest.xml:5:5-33
		INJECTED from src\main\AndroidManifest.xml
		INJECTED from src\main\AndroidManifest.xml
	android:versionCode
		ADDED from src\main\AndroidManifest.xml:4:5-28
		INJECTED from src\main\AndroidManifest.xml
		INJECTED from src\main\AndroidManifest.xml
	xmlns:android
		ADDED from src\main\AndroidManifest.xml:2:11-69
uses-sdk
ADDED from src\main\AndroidManifest.xml:7:5-9:41
	android:targetSdkVersion
		ADDED from src\main\AndroidManifest.xml:9:9-38
		INJECTED from src\main\AndroidManifest.xml
		INJECTED from src\main\AndroidManifest.xml
	android:minSdkVersion
		ADDED from src\main\AndroidManifest.xml:8:9-35
		INJECTED from src\main\AndroidManifest.xml
		INJECTED from src\main\AndroidManifest.xml
uses-permission#android.permission.INTERNET
ADDED from src\main\AndroidManifest.xml:11:5-67
	android:name
		ADDED from src\main\AndroidManifest.xml:11:22-64
uses-permission#android.permission.ACCESS_NETWORK_STATE
ADDED from src\main\AndroidManifest.xml:12:5-79
	android:name
		ADDED from src\main\AndroidManifest.xml:12:22-76
uses-permission#android.permission.ACCESS_WIFI_STATE
ADDED from src\main\AndroidManifest.xml:13:5-76
	android:name
		ADDED from src\main\AndroidManifest.xml:13:22-73
uses-permission#android.permission.CHANGE_WIFI_MULTICAST_STATE
ADDED from src\main\AndroidManifest.xml:14:5-86
	android:name
		ADDED from src\main\AndroidManifest.xml:14:22-83
uses-permission#android.permission.WRITE_EXTERNAL_STORAGE
ADDED from src\main\AndroidManifest.xml:15:5-81
	android:name
		ADDED from src\main\AndroidManifest.xml:15:22-78
uses-permission#android.permission.READ_EXTERNAL_STORAGE
ADDED from src\main\AndroidManifest.xml:16:5-80
	android:name
		ADDED from src\main\AndroidManifest.xml:16:22-77
uses-permission#android.permission.WAKE_LOCK
ADDED from src\main\AndroidManifest.xml:17:5-68
	android:name
		ADDED from src\main\AndroidManifest.xml:17:22-65
supports-screens
ADDED from src\main\AndroidManifest.xml:19:5-24:40
	android:largeScreens
		ADDED from src\main\AndroidManifest.xml:20:9-37
	android:smallScreens
		ADDED from src\main\AndroidManifest.xml:23:9-37
	android:normalScreens
		ADDED from src\main\AndroidManifest.xml:21:9-38
	android:requiresSmallestWidthDp
		ADDED from src\main\AndroidManifest.xml:22:9-46
	android:xlargeScreens
		ADDED from src\main\AndroidManifest.xml:24:9-37
application
ADDED from src\main\AndroidManifest.xml:26:5-125:19
	android:allowBackup
		ADDED from src\main\AndroidManifest.xml:27:9-35
	android:icon
		ADDED from src\main\AndroidManifest.xml:28:9-45
	android:name
		ADDED from src\main\AndroidManifest.xml:29:9-34
activity#com.ezac.gliderlogs.FlightOverviewActivity
ADDED from src\main\AndroidManifest.xml:34:9-43:20
	android:label
		ADDED from src\main\AndroidManifest.xml:37:13-45
	android:name
		ADDED from src\main\AndroidManifest.xml:35:13-51
intent-filter#android.intent.action.MAIN+android.intent.category.LAUNCHER
ADDED from src\main\AndroidManifest.xml:38:13-42:29
action#android.intent.action.MAIN
ADDED from src\main\AndroidManifest.xml:39:17-69
	android:name
		ADDED from src\main\AndroidManifest.xml:39:25-66
category#android.intent.category.LAUNCHER
ADDED from src\main\AndroidManifest.xml:41:17-77
	android:name
		ADDED from src\main\AndroidManifest.xml:41:27-74
activity#com.ezac.gliderlogs.FlightDetailActivity
ADDED from src\main\AndroidManifest.xml:44:9-48:20
	android:label
		ADDED from src\main\AndroidManifest.xml:46:13-48
	android:windowSoftInputMode
		ADDED from src\main\AndroidManifest.xml:47:13-68
	android:name
		ADDED from src\main\AndroidManifest.xml:45:13-49
activity#com.ezac.gliderlogs.FlightReportActivity
ADDED from src\main\AndroidManifest.xml:49:9-53:20
	android:label
		ADDED from src\main\AndroidManifest.xml:51:13-48
	android:windowSoftInputMode
		ADDED from src\main\AndroidManifest.xml:52:13-68
	android:name
		ADDED from src\main\AndroidManifest.xml:50:13-49
activity#com.ezac.gliderlogs.FlightWeatherActivity
ADDED from src\main\AndroidManifest.xml:54:9-58:20
	android:label
		ADDED from src\main\AndroidManifest.xml:56:13-47
	android:windowSoftInputMode
		ADDED from src\main\AndroidManifest.xml:57:13-68
	android:name
		ADDED from src\main\AndroidManifest.xml:55:13-50
activity#com.ezac.gliderlogs.FlightRaspActivity
ADDED from src\main\AndroidManifest.xml:59:9-63:20
	android:label
		ADDED from src\main\AndroidManifest.xml:61:13-47
	android:windowSoftInputMode
		ADDED from src\main\AndroidManifest.xml:62:13-68
	android:name
		ADDED from src\main\AndroidManifest.xml:60:13-47
activity#com.ezac.gliderlogs.FlightFlarmActivity
ADDED from src\main\AndroidManifest.xml:64:9-68:20
	android:label
		ADDED from src\main\AndroidManifest.xml:66:13-47
	android:windowSoftInputMode
		ADDED from src\main\AndroidManifest.xml:67:13-68
	android:name
		ADDED from src\main\AndroidManifest.xml:65:13-48
activity#com.ezac.gliderlogs.FlightADSBActivity
ADDED from src\main\AndroidManifest.xml:69:9-73:20
	android:label
		ADDED from src\main\AndroidManifest.xml:71:13-48
	android:windowSoftInputMode
		ADDED from src\main\AndroidManifest.xml:72:13-68
	android:name
		ADDED from src\main\AndroidManifest.xml:70:13-47
activity#com.ezac.gliderlogs.FlightGliderActivity
ADDED from src\main\AndroidManifest.xml:74:9-78:20
	android:label
		ADDED from src\main\AndroidManifest.xml:76:13-48
	android:windowSoftInputMode
		ADDED from src\main\AndroidManifest.xml:77:13-68
	android:name
		ADDED from src\main\AndroidManifest.xml:75:13-49
activity#com.ezac.gliderlogs.FlightNotamNLDActivity
ADDED from src\main\AndroidManifest.xml:79:9-83:20
	android:label
		ADDED from src\main\AndroidManifest.xml:81:13-47
	android:windowSoftInputMode
		ADDED from src\main\AndroidManifest.xml:82:13-68
	android:name
		ADDED from src\main\AndroidManifest.xml:80:13-51
activity#com.ezac.gliderlogs.FlightNotamBLXActivity
ADDED from src\main\AndroidManifest.xml:84:9-88:20
	android:label
		ADDED from src\main\AndroidManifest.xml:86:13-47
	android:windowSoftInputMode
		ADDED from src\main\AndroidManifest.xml:87:13-68
	android:name
		ADDED from src\main\AndroidManifest.xml:85:13-51
activity#com.ezac.gliderlogs.FlightOGNActivity
ADDED from src\main\AndroidManifest.xml:89:9-93:20
	android:label
		ADDED from src\main\AndroidManifest.xml:91:13-47
	android:windowSoftInputMode
		ADDED from src\main\AndroidManifest.xml:92:13-68
	android:name
		ADDED from src\main\AndroidManifest.xml:90:13-46
activity#com.ezac.gliderlogs.FlightEzacActivity
ADDED from src\main\AndroidManifest.xml:94:9-98:20
	android:label
		ADDED from src\main\AndroidManifest.xml:96:13-46
	android:windowSoftInputMode
		ADDED from src\main\AndroidManifest.xml:97:13-68
	android:name
		ADDED from src\main\AndroidManifest.xml:95:13-47
activity#com.ezac.gliderlogs.FlightPassengerActivity
ADDED from src\main\AndroidManifest.xml:99:9-103:20
	android:label
		ADDED from src\main\AndroidManifest.xml:101:13-51
	android:windowSoftInputMode
		ADDED from src\main\AndroidManifest.xml:102:13-68
	android:name
		ADDED from src\main\AndroidManifest.xml:100:13-52
activity#com.ezac.gliderlogs.FlightMemberActivity
ADDED from src\main\AndroidManifest.xml:104:9-108:20
	android:label
		ADDED from src\main\AndroidManifest.xml:106:13-48
	android:windowSoftInputMode
		ADDED from src\main\AndroidManifest.xml:107:13-68
	android:name
		ADDED from src\main\AndroidManifest.xml:105:13-49
activity#com.ezac.gliderlogs.FlightReservationActivity
ADDED from src\main\AndroidManifest.xml:109:9-113:20
	android:label
		ADDED from src\main\AndroidManifest.xml:111:13-53
	android:windowSoftInputMode
		ADDED from src\main\AndroidManifest.xml:112:13-68
	android:name
		ADDED from src\main\AndroidManifest.xml:110:13-54
activity#com.ezac.gliderlogs.FlightOnDutyActivity
ADDED from src\main\AndroidManifest.xml:114:9-118:20
	android:label
		ADDED from src\main\AndroidManifest.xml:116:13-49
	android:windowSoftInputMode
		ADDED from src\main\AndroidManifest.xml:117:13-68
	android:name
		ADDED from src\main\AndroidManifest.xml:115:13-49
provider#com.ezac.gliderlogs.contentprovider.FlightsContentProvider
ADDED from src\main\AndroidManifest.xml:120:9-123:20
	android:authorities
		ADDED from src\main\AndroidManifest.xml:122:13-70
	android:name
		ADDED from src\main\AndroidManifest.xml:121:13-67